[INFO carlsim/kernel/src/snn_manager.cpp:2073] *********************************************************************************
[INFO carlsim/kernel/src/snn_manager.cpp:2075] ********************      Welcome to CARLsim 4.0      ***************************
[INFO carlsim/kernel/src/snn_manager.cpp:2076] *********************************************************************************

[INFO carlsim/kernel/src/snn_manager.cpp:2078] ***************************** Configuring Network ********************************
[INFO carlsim/kernel/src/snn_manager.cpp:2080] Starting CARLsim simulation "smooth" in DEVELOPER mode
[INFO carlsim/kernel/src/snn_manager.cpp:2081] Random number seed: 1572656586
[DEBUG carlsim/kernel/src/snn_manager.cpp:2087] Current local time and date: Fri Nov  1 21:03:06 2019

[INFO carlsim/kernel/src/snn_manager.cpp:1268] SpikeMonitor set for group 0 (input)
[INFO carlsim/kernel/src/snn_manager.cpp:1268] SpikeMonitor set for group 1 (convolutional)
[INFO carlsim/kernel/src/snn_manager.cpp:1268] SpikeMonitor set for group 2 (pooling)
[DEBUG carlsim/kernel/src/snn_manager.cpp:165] CONNECT SETUP: connId=0, mulFast=1.000000, mulSlow=1.000000
[DEBUG carlsim/kernel/src/snn_manager.cpp:165] CONNECT SETUP: connId=1, mulFast=1.000000, mulSlow=1.000000
[INFO carlsim/kernel/src/snn_manager.cpp:506] Running CUBA mode (all synaptic conductances disabled)
[DEBUG carlsim/kernel/src/snn_manager.cpp:3533] Beginning compilation of the network....
[DEBUG carlsim/kernel/src/snn_manager.cpp:2917] Allocation for 1(convolutional), St=0, End=1286
[DEBUG carlsim/kernel/src/snn_manager.cpp:2917] Allocation for 2(pooling), St=1287, End=1287
[DEBUG carlsim/kernel/src/snn_manager.cpp:2917] Allocation for 0(input), St=1288, End=2574
[INFO carlsim/kernel/src/snn_manager.cpp:3554] 

[INFO carlsim/kernel/src/snn_manager.cpp:3555] ************************** Global Network Configuration *******************************
[INFO carlsim/kernel/src/snn_manager.cpp:3556] The number of neurons in the network (numN) = 2575
[INFO carlsim/kernel/src/snn_manager.cpp:3557] The number of regular neurons in the network (numNReg:numNExcReg:numNInhReg) = 1288:1288:0
[INFO carlsim/kernel/src/snn_manager.cpp:3558] The number of poisson neurons in the network (numNPois:numNExcPois:numInhPois) = 1287:1287:0
[INFO carlsim/kernel/src/snn_manager.cpp:3559] The maximum axonal delay in the network (maxDelay) = 1
[INFO carlsim/kernel/src/gpu_module/snn_gpu_module.cu:3513] CUDA devices Configuration:
[INFO carlsim/kernel/src/gpu_module/snn_gpu_module.cu:3514]   - Number of CUDA devices          =         1
[INFO carlsim/kernel/src/gpu_module/snn_gpu_module.cu:3517]   - CUDA device ID with max GFLOPs  =         0
[INFO carlsim/kernel/src/gpu_module/snn_gpu_module.cu:3521]   + Use CUDA device[0]              = GeForce GTX 1060 with Max-Q Design
[INFO carlsim/kernel/src/gpu_module/snn_gpu_module.cu:3522]   + CUDA Compute Capability (CC)    =       6.1
[DEBUG carlsim/kernel/src/snn_manager.cpp:2936] Allocation for group (convolutional) [id:1, local id:0], St=0, End=1286
[DEBUG carlsim/kernel/src/snn_manager.cpp:2936] Allocation for group (pooling) [id:2, local id:1], St=1287, End=1287
[DEBUG carlsim/kernel/src/snn_manager.cpp:2936] Allocation for group (input) [id:0, local id:2], St=1288, End=2574
[INFO carlsim/kernel/src/snn_manager.cpp:5229] 
+ Local Network (8)
[INFO carlsim/kernel/src/snn_manager.cpp:5230] |-+ Group List:
[INFO carlsim/kernel/src/print_snn_info.cpp:249]   |-+ Local Group input(G:0,L:2): 
[INFO carlsim/kernel/src/print_snn_info.cpp:252]     |- Type                       =    EXCIT
[INFO carlsim/kernel/src/print_snn_info.cpp:253]     |- Num of Neurons             =     1287
[INFO carlsim/kernel/src/print_snn_info.cpp:254]     |- Start Id                   = (G:1288,L:1288)
[INFO carlsim/kernel/src/print_snn_info.cpp:255]     |- End Id                     = (G:2574,L:2574)
[INFO carlsim/kernel/src/print_snn_info.cpp:256]     |- numPostSynapses            =    10915
[INFO carlsim/kernel/src/print_snn_info.cpp:257]     |- numPreSynapses             =        0
[INFO carlsim/kernel/src/print_snn_info.cpp:265]     |- Refractory period          =  0.00000
[INFO carlsim/kernel/src/print_snn_info.cpp:249]   |-+ Local Group convolutional(G:1,L:0): 
[INFO carlsim/kernel/src/print_snn_info.cpp:252]     |- Type                       =    EXCIT
[INFO carlsim/kernel/src/print_snn_info.cpp:253]     |- Num of Neurons             =     1287
[INFO carlsim/kernel/src/print_snn_info.cpp:254]     |- Start Id                   = (G:0,L:0)
[INFO carlsim/kernel/src/print_snn_info.cpp:255]     |- End Id                     = (G:1286,L:1286)
[INFO carlsim/kernel/src/print_snn_info.cpp:256]     |- numPostSynapses            =     1287
[INFO carlsim/kernel/src/print_snn_info.cpp:257]     |- numPreSynapses             =    10915
[INFO carlsim/kernel/src/print_snn_info.cpp:249]   |-+ Local Group pooling(G:2,L:1): 
[INFO carlsim/kernel/src/print_snn_info.cpp:252]     |- Type                       =    EXCIT
[INFO carlsim/kernel/src/print_snn_info.cpp:253]     |- Num of Neurons             =        1
[INFO carlsim/kernel/src/print_snn_info.cpp:254]     |- Start Id                   = (G:1287,L:1287)
[INFO carlsim/kernel/src/print_snn_info.cpp:255]     |- End Id                     = (G:1287,L:1287)
[INFO carlsim/kernel/src/print_snn_info.cpp:256]     |- numPostSynapses            =        0
[INFO carlsim/kernel/src/print_snn_info.cpp:257]     |- numPreSynapses             =     1287
[INFO carlsim/kernel/src/snn_manager.cpp:5236] |-+ Connection List:
[INFO carlsim/kernel/src/print_snn_info.cpp:185]   |-+ Local Connection Id 0: input(0) => convolutional(1)
[INFO carlsim/kernel/src/print_snn_info.cpp:186]     |- Type                       =  PLASTIC
[INFO carlsim/kernel/src/print_snn_info.cpp:187]     |- Min weight                 =  0.00000
[INFO carlsim/kernel/src/print_snn_info.cpp:188]     |- Max weight                 = 19.64135
[INFO carlsim/kernel/src/print_snn_info.cpp:189]     |- Initial weight             = 19.64135
[INFO carlsim/kernel/src/print_snn_info.cpp:190]     |- Min delay                  =        1
[INFO carlsim/kernel/src/print_snn_info.cpp:191]     |- Max delay                  =        1
[INFO carlsim/kernel/src/print_snn_info.cpp:192]     |- Radius X                   =     2.00
[INFO carlsim/kernel/src/print_snn_info.cpp:193]     |- Radius Y                   =     2.00
[INFO carlsim/kernel/src/print_snn_info.cpp:194]     |- Radius Z                   =    -1.00
[INFO carlsim/kernel/src/print_snn_info.cpp:195]     |- Num of synapses            = 10915
[INFO carlsim/kernel/src/print_snn_info.cpp:198]     |- Avg numPreSynapses         =     8.48
[INFO carlsim/kernel/src/print_snn_info.cpp:199]     |- Avg numPostSynapses        =     8.48
[INFO carlsim/kernel/src/print_snn_info.cpp:185]   |-+ Local Connection Id 1: convolutional(1) => pooling(2)
[INFO carlsim/kernel/src/print_snn_info.cpp:186]     |- Type                       =  PLASTIC
[INFO carlsim/kernel/src/print_snn_info.cpp:187]     |- Min weight                 =  0.00000
[INFO carlsim/kernel/src/print_snn_info.cpp:188]     |- Max weight                 = 20.22581
[INFO carlsim/kernel/src/print_snn_info.cpp:189]     |- Initial weight             = 20.22581
[INFO carlsim/kernel/src/print_snn_info.cpp:190]     |- Min delay                  =        1
[INFO carlsim/kernel/src/print_snn_info.cpp:191]     |- Max delay                  =        1
[INFO carlsim/kernel/src/print_snn_info.cpp:192]     |- Radius X                   =     2.00
[INFO carlsim/kernel/src/print_snn_info.cpp:193]     |- Radius Y                   =     2.00
[INFO carlsim/kernel/src/print_snn_info.cpp:194]     |- Radius Z                   =    -1.00
[INFO carlsim/kernel/src/print_snn_info.cpp:195]     |- Num of synapses            = 1287
[INFO carlsim/kernel/src/print_snn_info.cpp:198]     |- Avg numPreSynapses         =  1287.00
[INFO carlsim/kernel/src/print_snn_info.cpp:199]     |- Avg numPostSynapses        =     1.00
[INFO carlsim/kernel/src/snn_manager.cpp:2978] 
isLIF input - 0

[INFO carlsim/kernel/src/snn_manager.cpp:2979] 
isPoolingLIF input - 0

[INFO carlsim/kernel/src/snn_manager.cpp:2978] 
isLIF convolutional - 0

[INFO carlsim/kernel/src/snn_manager.cpp:2979] 
isPoolingLIF convolutional - 0

[INFO carlsim/kernel/src/snn_manager.cpp:2978] 
isLIF pooling - 0

[INFO carlsim/kernel/src/snn_manager.cpp:2979] 
isPoolingLIF pooling - 0

[INFO carlsim/kernel/src/snn_manager.cpp:5506] 
[INFO carlsim/kernel/src/snn_manager.cpp:5510] *****************      Initializing CPU 0 Runtime      *************************
[DEBUG carlsim/kernel/src/snn_cpu_module.cpp:2003] copyExternalCurrent: lGrpId=-1, ptrPos=0, length=1288, allocate=y
[DEBUG carlsim/kernel/src/snn_cpu_module.cpp:1445] Transfering group settings to CPU:
[DEBUG carlsim/kernel/src/snn_cpu_module.cpp:1447] Settings for Group convolutional:
[DEBUG carlsim/kernel/src/snn_cpu_module.cpp:1449] 	Type: 6
[DEBUG carlsim/kernel/src/snn_cpu_module.cpp:1450] 	NumN: 1287
[DEBUG carlsim/kernel/src/snn_cpu_module.cpp:1451] 	M: 1287
[DEBUG carlsim/kernel/src/snn_cpu_module.cpp:1452] 	PreM: 10915
[DEBUG carlsim/kernel/src/snn_cpu_module.cpp:1453] 	spikeGenerator: 0
[DEBUG carlsim/kernel/src/snn_cpu_module.cpp:1454] 	FixedInputWts: 0
[DEBUG carlsim/kernel/src/snn_cpu_module.cpp:1455] 	MaxDelay: 1
[DEBUG carlsim/kernel/src/snn_cpu_module.cpp:1456] 	WithSTDP: 0
[DEBUG carlsim/kernel/src/snn_cpu_module.cpp:1473] 	WithSTP: 0
[DEBUG carlsim/kernel/src/snn_cpu_module.cpp:1479] 	spikeGen: is not set 
[DEBUG carlsim/kernel/src/snn_cpu_module.cpp:1447] Settings for Group pooling:
[DEBUG carlsim/kernel/src/snn_cpu_module.cpp:1449] 	Type: 6
[DEBUG carlsim/kernel/src/snn_cpu_module.cpp:1450] 	NumN: 1
[DEBUG carlsim/kernel/src/snn_cpu_module.cpp:1451] 	M: 0
[DEBUG carlsim/kernel/src/snn_cpu_module.cpp:1452] 	PreM: 1287
[DEBUG carlsim/kernel/src/snn_cpu_module.cpp:1453] 	spikeGenerator: 0
[DEBUG carlsim/kernel/src/snn_cpu_module.cpp:1454] 	FixedInputWts: 0
[DEBUG carlsim/kernel/src/snn_cpu_module.cpp:1455] 	MaxDelay: 1
[DEBUG carlsim/kernel/src/snn_cpu_module.cpp:1456] 	WithSTDP: 0
[DEBUG carlsim/kernel/src/snn_cpu_module.cpp:1473] 	WithSTP: 0
[DEBUG carlsim/kernel/src/snn_cpu_module.cpp:1479] 	spikeGen: is not set 
[DEBUG carlsim/kernel/src/snn_cpu_module.cpp:1447] Settings for Group input:
[DEBUG carlsim/kernel/src/snn_cpu_module.cpp:1449] 	Type: 7
[DEBUG carlsim/kernel/src/snn_cpu_module.cpp:1450] 	NumN: 1287
[DEBUG carlsim/kernel/src/snn_cpu_module.cpp:1451] 	M: 10915
[DEBUG carlsim/kernel/src/snn_cpu_module.cpp:1452] 	PreM: 0
[DEBUG carlsim/kernel/src/snn_cpu_module.cpp:1453] 	spikeGenerator: 1
[DEBUG carlsim/kernel/src/snn_cpu_module.cpp:1454] 	FixedInputWts: 1
[DEBUG carlsim/kernel/src/snn_cpu_module.cpp:1455] 	MaxDelay: 1
[DEBUG carlsim/kernel/src/snn_cpu_module.cpp:1456] 	WithSTDP: 0
[DEBUG carlsim/kernel/src/snn_cpu_module.cpp:1473] 	WithSTP: 0
[DEBUG carlsim/kernel/src/snn_cpu_module.cpp:1479] 	spikeGen: is not set 
[DEBUG carlsim/kernel/src/snn_manager.cpp:851] runNetwork: runDur=1000ms, printRunSummary=y
[INFO carlsim/kernel/src/snn_manager.cpp:861] 
[INFO carlsim/kernel/src/snn_manager.cpp:862] ******************** Running the simulation on 0 GPU(s) and 1 CPU(s) ***************************
[INFO carlsim/kernel/src/snn_manager.cpp:863] 
[INFO carlsim/kernel/src/print_snn_info.cpp:116] (t=1.000s) SpikeMonitor for group input(0) has 10730 spikes in 1000ms (8.34 +/- 13.11 Hz)
[INFO carlsim/kernel/src/print_snn_info.cpp:116] (t=1.000s) SpikeMonitor for group convolutional(1) has 6116 spikes in 1000ms (4.75 +/- 3.73 Hz)
[INFO carlsim/kernel/src/print_snn_info.cpp:116] (t=1.000s) SpikeMonitor for group pooling(2) has 219 spikes in 1000ms (219.00 +/- 0.00 Hz)
[INFO carlsim/kernel/src/snn_manager.cpp:6607] 

[INFO carlsim/kernel/src/snn_manager.cpp:6608] ********************    Simulation Summary      ***************************
[INFO carlsim/kernel/src/snn_manager.cpp:6611] Network Parameters: 	numNeurons = 2575 (numNExcReg:numNInhReg = 50.0:0.0)
[INFO carlsim/kernel/src/snn_manager.cpp:6612] 			numSynapses = 12202
[INFO carlsim/kernel/src/snn_manager.cpp:6613] 			maxDelay = 1
[INFO carlsim/kernel/src/snn_manager.cpp:6614] Simulation Mode:	CUBA
[INFO carlsim/kernel/src/snn_manager.cpp:6615] Random Seed:		1572656586
[INFO carlsim/kernel/src/snn_manager.cpp:6616] Timing:			Model Simulation Time = 1 sec
[INFO carlsim/kernel/src/snn_manager.cpp:6617] 			Actual Execution Time = 0.27 sec
[INFO carlsim/kernel/src/snn_manager.cpp:6619] Average Firing Rate:	2+ms delay = 0.000 Hz
[INFO carlsim/kernel/src/snn_manager.cpp:6621] 			1ms delay = 6.627 Hz
[INFO carlsim/kernel/src/snn_manager.cpp:6622] 			Overall = 6.627 Hz
[INFO carlsim/kernel/src/snn_manager.cpp:6623] Overall Spike Count Transferred:
[INFO carlsim/kernel/src/snn_manager.cpp:6624] 			2+ms delay = 0
[INFO carlsim/kernel/src/snn_manager.cpp:6625] 			1ms delay = 0
[INFO carlsim/kernel/src/snn_manager.cpp:6626] Overall Spike Count:	2+ms delay = 0
[INFO carlsim/kernel/src/snn_manager.cpp:6627] 			1ms delay = 17065
[INFO carlsim/kernel/src/snn_manager.cpp:6628] 			Total = 17065
[INFO carlsim/kernel/src/snn_manager.cpp:6629] *********************************************************************************

